<?xml version="1.0" encoding="UTF-8"?>
<testsuite name="com.server.ServerApplicationTests" tests="1" skipped="0" failures="0" errors="0" timestamp="2023-07-20T05:00:28" hostname="Aidens-MacBook-Pro.local" time="0.071">
  <properties/>
  <testcase name="contextLoads()" classname="com.server.ServerApplicationTests" time="0.071"/>
  <system-out><![CDATA[14:00:25.499 [Test worker] DEBUG org.springframework.test.context.BootstrapUtils - Instantiating CacheAwareContextLoaderDelegate from class [org.springframework.test.context.cache.DefaultCacheAwareContextLoaderDelegate]
14:00:25.503 [Test worker] DEBUG org.springframework.test.context.BootstrapUtils - Instantiating BootstrapContext using constructor [public org.springframework.test.context.support.DefaultBootstrapContext(java.lang.Class,org.springframework.test.context.CacheAwareContextLoaderDelegate)]
14:00:25.516 [Test worker] DEBUG org.springframework.test.context.BootstrapUtils - Instantiating TestContextBootstrapper for test class [com.server.ServerApplicationTests] from class [org.springframework.boot.test.context.SpringBootTestContextBootstrapper]
14:00:25.519 [Test worker] INFO org.springframework.boot.test.context.SpringBootTestContextBootstrapper - Neither @ContextConfiguration nor @ContextHierarchy found for test class [com.server.ServerApplicationTests], using SpringBootContextLoader
14:00:25.521 [Test worker] DEBUG org.springframework.test.context.support.AbstractContextLoader - Did not detect default resource location for test class [com.server.ServerApplicationTests]: class path resource [com/server/ServerApplicationTests-context.xml] does not exist
14:00:25.521 [Test worker] DEBUG org.springframework.test.context.support.AbstractContextLoader - Did not detect default resource location for test class [com.server.ServerApplicationTests]: class path resource [com/server/ServerApplicationTestsContext.groovy] does not exist
14:00:25.521 [Test worker] INFO org.springframework.test.context.support.AbstractContextLoader - Could not detect default resource locations for test class [com.server.ServerApplicationTests]: no resource found for suffixes {-context.xml, Context.groovy}.
14:00:25.521 [Test worker] INFO org.springframework.test.context.support.AnnotationConfigContextLoaderUtils - Could not detect default configuration classes for test class [com.server.ServerApplicationTests]: ServerApplicationTests does not declare any static, non-private, non-final, nested classes annotated with @Configuration.
14:00:25.535 [Test worker] DEBUG org.springframework.test.context.support.ActiveProfilesUtils - Could not find an 'annotation declaring class' for annotation type [org.springframework.test.context.ActiveProfiles] and class [com.server.ServerApplicationTests]
14:00:25.562 [Test worker] DEBUG org.springframework.context.annotation.ClassPathScanningCandidateComponentProvider - Identified candidate component class: file [/Users/aiden/Desktop/CICD/seb44_main_007/server/build/classes/java/main/com/server/ServerApplication.class]
14:00:25.562 [Test worker] INFO org.springframework.boot.test.context.SpringBootTestContextBootstrapper - Found @SpringBootConfiguration com.server.ServerApplication for test class com.server.ServerApplicationTests
14:00:25.593 [Test worker] DEBUG org.springframework.boot.test.context.SpringBootTestContextBootstrapper - @TestExecutionListeners is not present for class [com.server.ServerApplicationTests]: using defaults.
14:00:25.593 [Test worker] INFO org.springframework.boot.test.context.SpringBootTestContextBootstrapper - Loaded default TestExecutionListener class names from location [META-INF/spring.factories]: [org.springframework.boot.test.autoconfigure.restdocs.RestDocsTestExecutionListener, org.springframework.boot.test.autoconfigure.web.client.MockRestServiceServerResetTestExecutionListener, org.springframework.boot.test.autoconfigure.web.servlet.MockMvcPrintOnlyOnFailureTestExecutionListener, org.springframework.boot.test.autoconfigure.web.servlet.WebDriverTestExecutionListener, org.springframework.boot.test.autoconfigure.webservices.client.MockWebServiceServerTestExecutionListener, org.springframework.boot.test.mock.mockito.MockitoTestExecutionListener, org.springframework.boot.test.mock.mockito.ResetMocksTestExecutionListener, org.springframework.test.context.web.ServletTestExecutionListener, org.springframework.test.context.support.DirtiesContextBeforeModesTestExecutionListener, org.springframework.test.context.event.ApplicationEventsTestExecutionListener, org.springframework.test.context.support.DependencyInjectionTestExecutionListener, org.springframework.test.context.support.DirtiesContextTestExecutionListener, org.springframework.test.context.transaction.TransactionalTestExecutionListener, org.springframework.test.context.jdbc.SqlScriptsTestExecutionListener, org.springframework.test.context.event.EventPublishingTestExecutionListener]
14:00:25.599 [Test worker] INFO org.springframework.boot.test.context.SpringBootTestContextBootstrapper - Using TestExecutionListeners: [org.springframework.test.context.web.ServletTestExecutionListener@71b3bc45, org.springframework.test.context.support.DirtiesContextBeforeModesTestExecutionListener@a8c1f44, org.springframework.test.context.event.ApplicationEventsTestExecutionListener@150ab4ed, org.springframework.boot.test.mock.mockito.MockitoTestExecutionListener@3c435123, org.springframework.boot.test.autoconfigure.SpringBootDependencyInjectionTestExecutionListener@50fe837a, org.springframework.test.context.support.DirtiesContextTestExecutionListener@3a62c01e, org.springframework.test.context.transaction.TransactionalTestExecutionListener@7a8fa663, org.springframework.test.context.jdbc.SqlScriptsTestExecutionListener@5ce33a58, org.springframework.test.context.event.EventPublishingTestExecutionListener@78a287ed, org.springframework.boot.test.autoconfigure.restdocs.RestDocsTestExecutionListener@546ccad7, org.springframework.boot.test.autoconfigure.web.client.MockRestServiceServerResetTestExecutionListener@5357c287, org.springframework.boot.test.autoconfigure.web.servlet.MockMvcPrintOnlyOnFailureTestExecutionListener@1623134f, org.springframework.boot.test.autoconfigure.web.servlet.WebDriverTestExecutionListener@7a527389, org.springframework.boot.test.autoconfigure.webservices.client.MockWebServiceServerTestExecutionListener@485a3466, org.springframework.boot.test.mock.mockito.ResetMocksTestExecutionListener@25748410]
14:00:25.600 [Test worker] DEBUG org.springframework.test.context.support.AbstractDirtiesContextTestExecutionListener - Before test class: context [DefaultTestContext@4de41af9 testClass = ServerApplicationTests, testInstance = [null], testMethod = [null], testException = [null], mergedContextConfiguration = [WebMergedContextConfiguration@56ace400 testClass = ServerApplicationTests, locations = '{}', classes = '{class com.server.ServerApplication}', contextInitializerClasses = '[]', activeProfiles = '{}', propertySourceLocations = '{}', propertySourceProperties = '{org.springframework.boot.test.context.SpringBootTestContextBootstrapper=true}', contextCustomizers = set[org.springframework.boot.test.autoconfigure.actuate.metrics.MetricsExportContextCustomizerFactory$DisableMetricExportContextCustomizer@51fadaff, org.springframework.boot.test.autoconfigure.properties.PropertyMappingContextCustomizer@0, org.springframework.boot.test.autoconfigure.web.servlet.WebDriverContextCustomizerFactory$Customizer@2f67b837, org.springframework.boot.test.context.filter.ExcludeFilterContextCustomizer@291a7e3c, org.springframework.boot.test.json.DuplicateJsonObjectContextCustomizerFactory$DuplicateJsonObjectContextCustomizer@5505ae1a, org.springframework.boot.test.mock.mockito.MockitoContextCustomizer@0, org.springframework.boot.test.web.client.TestRestTemplateContextCustomizer@3adcc812, org.springframework.boot.test.context.SpringBootTestArgs@1, org.springframework.boot.test.context.SpringBootTestWebEnvironment@11fc564b], resourceBasePath = 'src/main/webapp', contextLoader = 'org.springframework.boot.test.context.SpringBootContextLoader', parent = [null]], attributes = map['org.springframework.test.context.web.ServletTestExecutionListener.activateListener' -> true]], class annotated with @DirtiesContext [false] with mode [null].

  .   ____          _            __ _ _
 /\\ / ___'_ __ _ _(_)_ __  __ _ \ \ \ \
( ( )\___ | '_ | '_| | '_ \/ _` | \ \ \ \
 \\/  ___)| |_)| | | | | || (_| |  ) ) ) )
  '  |____| .__|_| |_|_| |_\__, | / / / /
 =========|_|==============|___/=/_/_/_/
 :: Spring Boot ::               (v2.7.13)

2023-07-20 14:00:25.760  INFO 40173 --- [    Test worker] com.server.ServerApplicationTests        : Starting ServerApplicationTests using Java 19.0.2 on Aidens-MacBook-Pro.local with PID 40173 (started by aiden in /Users/aiden/Desktop/CICD/seb44_main_007/server)
2023-07-20 14:00:25.761  INFO 40173 --- [    Test worker] com.server.ServerApplicationTests        : No active profile set, falling back to 1 default profile: "default"
2023-07-20 14:00:26.054  INFO 40173 --- [    Test worker] .s.d.r.c.RepositoryConfigurationDelegate : Multiple Spring Data modules found, entering strict repository configuration mode
2023-07-20 14:00:26.055  INFO 40173 --- [    Test worker] .s.d.r.c.RepositoryConfigurationDelegate : Bootstrapping Spring Data JPA repositories in DEFAULT mode.
2023-07-20 14:00:26.123  INFO 40173 --- [    Test worker] .s.d.r.c.RepositoryConfigurationDelegate : Finished Spring Data repository scanning in 64 ms. Found 5 JPA repository interfaces.
2023-07-20 14:00:26.355  INFO 40173 --- [    Test worker] o.hibernate.jpa.internal.util.LogHelper  : HHH000204: Processing PersistenceUnitInfo [name: default]
2023-07-20 14:00:26.373  INFO 40173 --- [    Test worker] org.hibernate.Version                    : HHH000412: Hibernate ORM core version 5.6.15.Final
2023-07-20 14:00:26.429  INFO 40173 --- [    Test worker] o.hibernate.annotations.common.Version   : HCANN000001: Hibernate Commons Annotations {5.1.2.Final}
2023-07-20 14:00:26.461  INFO 40173 --- [    Test worker] com.zaxxer.hikari.HikariDataSource       : HikariPool-1 - Starting...
2023-07-20 14:00:26.931  INFO 40173 --- [    Test worker] com.zaxxer.hikari.HikariDataSource       : HikariPool-1 - Start completed.
2023-07-20 14:00:26.942  INFO 40173 --- [    Test worker] org.hibernate.dialect.Dialect            : HHH000400: Using dialect: org.hibernate.dialect.MySQL8Dialect
2023-07-20 14:00:27.357  INFO 40173 --- [    Test worker] o.h.e.t.j.p.i.JtaPlatformInitiator       : HHH000490: Using JtaPlatform implementation: [org.hibernate.engine.transaction.jta.platform.internal.NoJtaPlatform]
2023-07-20 14:00:27.362  INFO 40173 --- [    Test worker] j.LocalContainerEntityManagerFactoryBean : Initialized JPA EntityManagerFactory for persistence unit 'default'
2023-07-20 14:00:27.805  INFO 40173 --- [    Test worker] o.s.s.web.DefaultSecurityFilterChain     : Will secure any request with [org.springframework.security.web.session.DisableEncodeUrlFilter@64a00fe0, org.springframework.security.web.context.request.async.WebAsyncManagerIntegrationFilter@347f0950, org.springframework.security.web.context.SecurityContextPersistenceFilter@74f9004c, org.springframework.security.web.header.HeaderWriterFilter@57eb2555, org.springframework.web.filter.CorsFilter@5ab1107d, org.springframework.security.web.authentication.logout.LogoutFilter@6bbd4048, com.server.auth.filter.JwtAuthenticationFilter@671561b9, com.server.auth.filter.JwtVerificationFilter@3aebdb4, org.springframework.security.web.savedrequest.RequestCacheAwareFilter@62ad5f35, org.springframework.security.web.servletapi.SecurityContextHolderAwareRequestFilter@5e528476, org.springframework.security.web.authentication.AnonymousAuthenticationFilter@4fd70118, org.springframework.security.web.session.SessionManagementFilter@e9947af, org.springframework.security.web.access.ExceptionTranslationFilter@5fc42998, org.springframework.security.web.access.intercept.AuthorizationFilter@3a0f5141]
2023-07-20 14:00:27.885  WARN 40173 --- [    Test worker] JpaBaseConfiguration$JpaWebConfiguration : spring.jpa.open-in-view is enabled by default. Therefore, database queries may be performed during view rendering. Explicitly configure spring.jpa.open-in-view to disable this warning
2023-07-20 14:00:28.074  WARN 40173 --- [    Test worker] ion$DefaultTemplateResolverConfiguration : Cannot find template location: classpath:/templates/ (please add some templates, check your Thymeleaf configuration, or set spring.thymeleaf.check-template-location=false)
2023-07-20 14:00:28.189  INFO 40173 --- [    Test worker] com.server.ServerApplicationTests        : Started ServerApplicationTests in 2.575 seconds (JVM running for 2.998)
]]></system-out>
  <system-err><![CDATA[]]></system-err>
</testsuite>
