<?xml version="1.0" encoding="UTF-8"?>
<testsuite name="com.server.ServerApplicationTests" tests="1" skipped="0" failures="0" errors="0" timestamp="2023-07-20T06:08:36" hostname="Aidens-MacBook-Pro.local" time="0.071">
  <properties/>
  <testcase name="contextLoads()" classname="com.server.ServerApplicationTests" time="0.071"/>
  <system-out><![CDATA[15:08:33.697 [Test worker] DEBUG org.springframework.test.context.BootstrapUtils - Instantiating CacheAwareContextLoaderDelegate from class [org.springframework.test.context.cache.DefaultCacheAwareContextLoaderDelegate]
15:08:33.701 [Test worker] DEBUG org.springframework.test.context.BootstrapUtils - Instantiating BootstrapContext using constructor [public org.springframework.test.context.support.DefaultBootstrapContext(java.lang.Class,org.springframework.test.context.CacheAwareContextLoaderDelegate)]
15:08:33.714 [Test worker] DEBUG org.springframework.test.context.BootstrapUtils - Instantiating TestContextBootstrapper for test class [com.server.ServerApplicationTests] from class [org.springframework.boot.test.context.SpringBootTestContextBootstrapper]
15:08:33.718 [Test worker] INFO org.springframework.boot.test.context.SpringBootTestContextBootstrapper - Neither @ContextConfiguration nor @ContextHierarchy found for test class [com.server.ServerApplicationTests], using SpringBootContextLoader
15:08:33.720 [Test worker] DEBUG org.springframework.test.context.support.AbstractContextLoader - Did not detect default resource location for test class [com.server.ServerApplicationTests]: class path resource [com/server/ServerApplicationTests-context.xml] does not exist
15:08:33.720 [Test worker] DEBUG org.springframework.test.context.support.AbstractContextLoader - Did not detect default resource location for test class [com.server.ServerApplicationTests]: class path resource [com/server/ServerApplicationTestsContext.groovy] does not exist
15:08:33.720 [Test worker] INFO org.springframework.test.context.support.AbstractContextLoader - Could not detect default resource locations for test class [com.server.ServerApplicationTests]: no resource found for suffixes {-context.xml, Context.groovy}.
15:08:33.720 [Test worker] INFO org.springframework.test.context.support.AnnotationConfigContextLoaderUtils - Could not detect default configuration classes for test class [com.server.ServerApplicationTests]: ServerApplicationTests does not declare any static, non-private, non-final, nested classes annotated with @Configuration.
15:08:33.735 [Test worker] DEBUG org.springframework.test.context.support.ActiveProfilesUtils - Could not find an 'annotation declaring class' for annotation type [org.springframework.test.context.ActiveProfiles] and class [com.server.ServerApplicationTests]
15:08:33.759 [Test worker] DEBUG org.springframework.context.annotation.ClassPathScanningCandidateComponentProvider - Identified candidate component class: file [/Users/aiden/Desktop/CICD/seb44_main_007/server/build/classes/java/main/com/server/ServerApplication.class]
15:08:33.759 [Test worker] INFO org.springframework.boot.test.context.SpringBootTestContextBootstrapper - Found @SpringBootConfiguration com.server.ServerApplication for test class com.server.ServerApplicationTests
15:08:33.790 [Test worker] DEBUG org.springframework.boot.test.context.SpringBootTestContextBootstrapper - @TestExecutionListeners is not present for class [com.server.ServerApplicationTests]: using defaults.
15:08:33.790 [Test worker] INFO org.springframework.boot.test.context.SpringBootTestContextBootstrapper - Loaded default TestExecutionListener class names from location [META-INF/spring.factories]: [org.springframework.boot.test.autoconfigure.restdocs.RestDocsTestExecutionListener, org.springframework.boot.test.autoconfigure.web.client.MockRestServiceServerResetTestExecutionListener, org.springframework.boot.test.autoconfigure.web.servlet.MockMvcPrintOnlyOnFailureTestExecutionListener, org.springframework.boot.test.autoconfigure.web.servlet.WebDriverTestExecutionListener, org.springframework.boot.test.autoconfigure.webservices.client.MockWebServiceServerTestExecutionListener, org.springframework.boot.test.mock.mockito.MockitoTestExecutionListener, org.springframework.boot.test.mock.mockito.ResetMocksTestExecutionListener, org.springframework.test.context.web.ServletTestExecutionListener, org.springframework.test.context.support.DirtiesContextBeforeModesTestExecutionListener, org.springframework.test.context.event.ApplicationEventsTestExecutionListener, org.springframework.test.context.support.DependencyInjectionTestExecutionListener, org.springframework.test.context.support.DirtiesContextTestExecutionListener, org.springframework.test.context.transaction.TransactionalTestExecutionListener, org.springframework.test.context.jdbc.SqlScriptsTestExecutionListener, org.springframework.test.context.event.EventPublishingTestExecutionListener]
15:08:33.797 [Test worker] INFO org.springframework.boot.test.context.SpringBootTestContextBootstrapper - Using TestExecutionListeners: [org.springframework.test.context.web.ServletTestExecutionListener@71b3bc45, org.springframework.test.context.support.DirtiesContextBeforeModesTestExecutionListener@a8c1f44, org.springframework.test.context.event.ApplicationEventsTestExecutionListener@150ab4ed, org.springframework.boot.test.mock.mockito.MockitoTestExecutionListener@3c435123, org.springframework.boot.test.autoconfigure.SpringBootDependencyInjectionTestExecutionListener@50fe837a, org.springframework.test.context.support.DirtiesContextTestExecutionListener@3a62c01e, org.springframework.test.context.transaction.TransactionalTestExecutionListener@7a8fa663, org.springframework.test.context.jdbc.SqlScriptsTestExecutionListener@5ce33a58, org.springframework.test.context.event.EventPublishingTestExecutionListener@78a287ed, org.springframework.boot.test.autoconfigure.restdocs.RestDocsTestExecutionListener@546ccad7, org.springframework.boot.test.autoconfigure.web.client.MockRestServiceServerResetTestExecutionListener@5357c287, org.springframework.boot.test.autoconfigure.web.servlet.MockMvcPrintOnlyOnFailureTestExecutionListener@1623134f, org.springframework.boot.test.autoconfigure.web.servlet.WebDriverTestExecutionListener@7a527389, org.springframework.boot.test.autoconfigure.webservices.client.MockWebServiceServerTestExecutionListener@485a3466, org.springframework.boot.test.mock.mockito.ResetMocksTestExecutionListener@25748410]
15:08:33.798 [Test worker] DEBUG org.springframework.test.context.support.AbstractDirtiesContextTestExecutionListener - Before test class: context [DefaultTestContext@4de41af9 testClass = ServerApplicationTests, testInstance = [null], testMethod = [null], testException = [null], mergedContextConfiguration = [WebMergedContextConfiguration@56ace400 testClass = ServerApplicationTests, locations = '{}', classes = '{class com.server.ServerApplication}', contextInitializerClasses = '[]', activeProfiles = '{}', propertySourceLocations = '{}', propertySourceProperties = '{org.springframework.boot.test.context.SpringBootTestContextBootstrapper=true}', contextCustomizers = set[org.springframework.boot.test.autoconfigure.actuate.metrics.MetricsExportContextCustomizerFactory$DisableMetricExportContextCustomizer@51fadaff, org.springframework.boot.test.autoconfigure.properties.PropertyMappingContextCustomizer@0, org.springframework.boot.test.autoconfigure.web.servlet.WebDriverContextCustomizerFactory$Customizer@2f67b837, org.springframework.boot.test.context.filter.ExcludeFilterContextCustomizer@291a7e3c, org.springframework.boot.test.json.DuplicateJsonObjectContextCustomizerFactory$DuplicateJsonObjectContextCustomizer@5505ae1a, org.springframework.boot.test.mock.mockito.MockitoContextCustomizer@0, org.springframework.boot.test.web.client.TestRestTemplateContextCustomizer@3adcc812, org.springframework.boot.test.context.SpringBootTestArgs@1, org.springframework.boot.test.context.SpringBootTestWebEnvironment@11fc564b], resourceBasePath = 'src/main/webapp', contextLoader = 'org.springframework.boot.test.context.SpringBootContextLoader', parent = [null]], attributes = map['org.springframework.test.context.web.ServletTestExecutionListener.activateListener' -> true]], class annotated with @DirtiesContext [false] with mode [null].

  .   ____          _            __ _ _
 /\\ / ___'_ __ _ _(_)_ __  __ _ \ \ \ \
( ( )\___ | '_ | '_| | '_ \/ _` | \ \ \ \
 \\/  ___)| |_)| | | | | || (_| |  ) ) ) )
  '  |____| .__|_| |_|_| |_\__, | / / / /
 =========|_|==============|___/=/_/_/_/
 :: Spring Boot ::               (v2.7.13)

2023-07-20 15:08:33.979  INFO 41019 --- [    Test worker] com.server.ServerApplicationTests        : Starting ServerApplicationTests using Java 19.0.2 on Aidens-MacBook-Pro.local with PID 41019 (started by aiden in /Users/aiden/Desktop/CICD/seb44_main_007/server)
2023-07-20 15:08:33.980  INFO 41019 --- [    Test worker] com.server.ServerApplicationTests        : No active profile set, falling back to 1 default profile: "default"
2023-07-20 15:08:34.290  INFO 41019 --- [    Test worker] .s.d.r.c.RepositoryConfigurationDelegate : Multiple Spring Data modules found, entering strict repository configuration mode
2023-07-20 15:08:34.291  INFO 41019 --- [    Test worker] .s.d.r.c.RepositoryConfigurationDelegate : Bootstrapping Spring Data JPA repositories in DEFAULT mode.
2023-07-20 15:08:34.363  INFO 41019 --- [    Test worker] .s.d.r.c.RepositoryConfigurationDelegate : Finished Spring Data repository scanning in 68 ms. Found 5 JPA repository interfaces.
2023-07-20 15:08:34.613  INFO 41019 --- [    Test worker] o.hibernate.jpa.internal.util.LogHelper  : HHH000204: Processing PersistenceUnitInfo [name: default]
2023-07-20 15:08:34.632  INFO 41019 --- [    Test worker] org.hibernate.Version                    : HHH000412: Hibernate ORM core version 5.6.15.Final
2023-07-20 15:08:34.693  INFO 41019 --- [    Test worker] o.hibernate.annotations.common.Version   : HCANN000001: Hibernate Commons Annotations {5.1.2.Final}
2023-07-20 15:08:34.729  INFO 41019 --- [    Test worker] com.zaxxer.hikari.HikariDataSource       : HikariPool-1 - Starting...
2023-07-20 15:08:35.211  INFO 41019 --- [    Test worker] com.zaxxer.hikari.HikariDataSource       : HikariPool-1 - Start completed.
2023-07-20 15:08:35.218  INFO 41019 --- [    Test worker] org.hibernate.dialect.Dialect            : HHH000400: Using dialect: org.hibernate.dialect.MySQL8Dialect
2023-07-20 15:08:35.611  INFO 41019 --- [    Test worker] o.h.e.t.j.p.i.JtaPlatformInitiator       : HHH000490: Using JtaPlatform implementation: [org.hibernate.engine.transaction.jta.platform.internal.NoJtaPlatform]
2023-07-20 15:08:35.616  INFO 41019 --- [    Test worker] j.LocalContainerEntityManagerFactoryBean : Initialized JPA EntityManagerFactory for persistence unit 'default'
2023-07-20 15:08:36.057  INFO 41019 --- [    Test worker] o.s.s.web.DefaultSecurityFilterChain     : Will secure any request with [org.springframework.security.web.session.DisableEncodeUrlFilter@5ab1107d, org.springframework.security.web.context.request.async.WebAsyncManagerIntegrationFilter@671561b9, org.springframework.security.web.context.SecurityContextPersistenceFilter@34947355, org.springframework.security.web.header.HeaderWriterFilter@3ed3e66d, org.springframework.web.filter.CorsFilter@3aebdb4, org.springframework.security.web.authentication.logout.LogoutFilter@7a8e484b, com.server.auth.filter.JwtAuthenticationFilter@4fd70118, com.server.auth.filter.JwtVerificationFilter@1db7c267, org.springframework.security.web.savedrequest.RequestCacheAwareFilter@4117e0c9, org.springframework.security.web.servletapi.SecurityContextHolderAwareRequestFilter@281d3ce7, org.springframework.security.web.authentication.AnonymousAuthenticationFilter@516370c1, org.springframework.security.web.session.SessionManagementFilter@30942f54, org.springframework.security.web.access.ExceptionTranslationFilter@5dfb65d5, org.springframework.security.web.access.intercept.AuthorizationFilter@3b446d7]
2023-07-20 15:08:36.135  WARN 41019 --- [    Test worker] JpaBaseConfiguration$JpaWebConfiguration : spring.jpa.open-in-view is enabled by default. Therefore, database queries may be performed during view rendering. Explicitly configure spring.jpa.open-in-view to disable this warning
2023-07-20 15:08:36.337  WARN 41019 --- [    Test worker] ion$DefaultTemplateResolverConfiguration : Cannot find template location: classpath:/templates/ (please add some templates, check your Thymeleaf configuration, or set spring.thymeleaf.check-template-location=false)
2023-07-20 15:08:36.453  INFO 41019 --- [    Test worker] com.server.ServerApplicationTests        : Started ServerApplicationTests in 2.641 seconds (JVM running for 3.073)
]]></system-out>
  <system-err><![CDATA[]]></system-err>
</testsuite>
