<?xml version="1.0" encoding="UTF-8"?>
<testsuite name="com.server.auth.JwtTokenizerTest" tests="5" skipped="0" failures="0" errors="0" timestamp="2023-07-20T06:08:36" hostname="Aidens-MacBook-Pro.local" time="1.544">
  <properties/>
  <testcase name="encodeBase64SecretKeyTest()" classname="com.server.auth.JwtTokenizerTest" time="0.002"/>
  <testcase name="generateAccessTokenTest()" classname="com.server.auth.JwtTokenizerTest" time="0.017"/>
  <testcase name="does not throw any Exception when jws verify" classname="com.server.auth.JwtTokenizerTest" time="0.011"/>
  <testcase name="generateRefreshTokenTest()" classname="com.server.auth.JwtTokenizerTest" time="0.001"/>
  <testcase name="throw ExpiredJwtException when jws verify" classname="com.server.auth.JwtTokenizerTest" time="1.512"/>
  <system-out><![CDATA[a2V2aW4xMjM0MTIzNDEyMzQxMjM0MTIzNDEyMzQxMjM0
eyJhbGciOiJIUzI1NiJ9.eyJyb2xlcyI6WyJVU0VSIl0sIm1lbWJlcklkIjoxLCJzdWIiOiJ0ZXN0IGFjY2VzcyB0b2tlbiIsImlhdCI6MTY4OTgzMzMxNiwiZXhwIjoxNjg5ODMzOTE2fQ.ZLq7T236ekm_l4Lwg86o8P33MuhAasm8iBUjI4X0bI0
eyJhbGciOiJIUzI1NiJ9.eyJzdWIiOiJ0ZXN0IHJlZnJlc2ggdG9rZW4iLCJpYXQiOjE2ODk4MzMzMTYsImV4cCI6MTY4OTkxOTcxNn0.nWi_drYmXwS1KDfvsWGiFCUvq-M3zOoEt5FiEcKjyOs
]]></system-out>
  <system-err><![CDATA[]]></system-err>
</testsuite>
